[2026-01-17 21:07:28,740] Nicolas-MacBook-Pro/INFO/locust.main: Starting Locust 2.43.1
[2026-01-17 21:07:28,742] Nicolas-MacBook-Pro/INFO/locust.main: Run time limit set to 70 seconds
[2026-01-17 21:07:28,742] Nicolas-MacBook-Pro/INFO/locustfile_monolithic: ================================================================================
[2026-01-17 21:07:28,743] Nicolas-MacBook-Pro/INFO/locustfile_monolithic: SETUP: Pre-creating users and tasks for testing
[2026-01-17 21:07:28,743] Nicolas-MacBook-Pro/INFO/locustfile_monolithic: Architecture: Monolithic Architecture
[2026-01-17 21:07:28,743] Nicolas-MacBook-Pro/INFO/locustfile_monolithic: Base URL: http://localhost:9000
[2026-01-17 21:07:28,743] Nicolas-MacBook-Pro/INFO/locustfile_monolithic: ================================================================================
[2026-01-17 21:07:28,743] Nicolas-MacBook-Pro/INFO/locustfile_monolithic: Creating 20 users...
[2026-01-17 21:07:33,131] Nicolas-MacBook-Pro/INFO/locustfile_monolithic: Created 10/20 users...
[2026-01-17 21:07:37,407] Nicolas-MacBook-Pro/INFO/locustfile_monolithic: Created 20/20 users...
[2026-01-17 21:07:37,407] Nicolas-MacBook-Pro/INFO/locustfile_monolithic: ================================================================================
[2026-01-17 21:07:37,407] Nicolas-MacBook-Pro/INFO/locustfile_monolithic: SETUP COMPLETE: Created 20 users with tasks
[2026-01-17 21:07:37,407] Nicolas-MacBook-Pro/INFO/locustfile_monolithic: Total tasks created: 200
[2026-01-17 21:07:37,407] Nicolas-MacBook-Pro/INFO/locustfile_monolithic: ================================================================================
[2026-01-17 21:07:37,408] Nicolas-MacBook-Pro/INFO/locust.runners: Ramping to 10 users at a rate of 10.00 per second
[2026-01-17 21:07:37,408] Nicolas-MacBook-Pro/INFO/locust.runners: All users spawned: {"TaskTrackerUser": 10} (10 total users)
[2026-01-17 21:08:37,485] Nicolas-MacBook-Pro/INFO/locust.main: --run-time limit reached, shutting down
[2026-01-17 21:08:37,520] Nicolas-MacBook-Pro/INFO/locustfile_monolithic: ================================================================================
[2026-01-17 21:08:37,520] Nicolas-MacBook-Pro/INFO/locustfile_monolithic: TEST COMPLETED
[2026-01-17 21:08:37,520] Nicolas-MacBook-Pro/INFO/locustfile_monolithic: Architecture: Monolithic Architecture
[2026-01-17 21:08:37,520] Nicolas-MacBook-Pro/INFO/locustfile_monolithic: ================================================================================
[2026-01-17 21:08:37,553] Nicolas-MacBook-Pro/INFO/locust.main: writing html report to file: /Users/nicolacatalin/Desktop/facultate/proiect-sasps/experiments/results/sweep_20260117_210725/run_000_monolith_c10/report.html
[2026-01-17 21:08:37,554] Nicolas-MacBook-Pro/INFO/locust.main: Shutting down (exit code 0)
