[2026-01-17 21:16:26,313] Nicolas-MacBook-Pro/INFO/locust.main: Starting Locust 2.43.1
[2026-01-17 21:16:26,314] Nicolas-MacBook-Pro/INFO/locust.main: Run time limit set to 70 seconds
[2026-01-17 21:16:26,315] Nicolas-MacBook-Pro/INFO/locustfile_microservices: ================================================================================
[2026-01-17 21:16:26,315] Nicolas-MacBook-Pro/INFO/locustfile_microservices: SETUP: Pre-creating users and tasks for testing
[2026-01-17 21:16:26,315] Nicolas-MacBook-Pro/INFO/locustfile_microservices: Architecture: Microservices Architecture
[2026-01-17 21:16:26,315] Nicolas-MacBook-Pro/INFO/locustfile_microservices: Base URL: http://localhost:8000
[2026-01-17 21:16:26,315] Nicolas-MacBook-Pro/INFO/locustfile_microservices: ================================================================================
[2026-01-17 21:16:26,315] Nicolas-MacBook-Pro/INFO/locustfile_microservices: Creating 20 users...
[2026-01-17 21:16:31,261] Nicolas-MacBook-Pro/INFO/locustfile_microservices: Created 10/20 users...
[2026-01-17 21:16:36,183] Nicolas-MacBook-Pro/INFO/locustfile_microservices: Created 20/20 users...
[2026-01-17 21:16:36,183] Nicolas-MacBook-Pro/INFO/locustfile_microservices: ================================================================================
[2026-01-17 21:16:36,183] Nicolas-MacBook-Pro/INFO/locustfile_microservices: SETUP COMPLETE: Created 20 users with tasks
[2026-01-17 21:16:36,183] Nicolas-MacBook-Pro/INFO/locustfile_microservices: Total tasks created: 200
[2026-01-17 21:16:36,184] Nicolas-MacBook-Pro/INFO/locustfile_microservices: ================================================================================
[2026-01-17 21:16:36,184] Nicolas-MacBook-Pro/INFO/locust.runners: Ramping to 100 users at a rate of 10.00 per second
[2026-01-17 21:16:45,209] Nicolas-MacBook-Pro/INFO/locust.runners: All users spawned: {"TaskTrackerUser": 100} (100 total users)
[2026-01-17 21:17:36,064] Nicolas-MacBook-Pro/INFO/locust.main: --run-time limit reached, shutting down
[2026-01-17 21:17:36,100] Nicolas-MacBook-Pro/INFO/locustfile_microservices: ================================================================================
[2026-01-17 21:17:36,100] Nicolas-MacBook-Pro/INFO/locustfile_microservices: TEST COMPLETED
[2026-01-17 21:17:36,100] Nicolas-MacBook-Pro/INFO/locustfile_microservices: Architecture: Microservices Architecture
[2026-01-17 21:17:36,100] Nicolas-MacBook-Pro/INFO/locustfile_microservices: ================================================================================
[2026-01-17 21:17:36,135] Nicolas-MacBook-Pro/INFO/locust.main: writing html report to file: /Users/nicolacatalin/Desktop/facultate/proiect-sasps/experiments/results/sweep_20260117_210725/run_007_microservices_c100/report.html
[2026-01-17 21:17:36,136] Nicolas-MacBook-Pro/INFO/locust.main: Shutting down (exit code 0)
