[2026-01-17 21:15:09,305] Nicolas-MacBook-Pro/INFO/locust.main: Starting Locust 2.43.1
[2026-01-17 21:15:09,306] Nicolas-MacBook-Pro/INFO/locust.main: Run time limit set to 70 seconds
[2026-01-17 21:15:09,307] Nicolas-MacBook-Pro/INFO/locustfile_monolithic: ================================================================================
[2026-01-17 21:15:09,307] Nicolas-MacBook-Pro/INFO/locustfile_monolithic: SETUP: Pre-creating users and tasks for testing
[2026-01-17 21:15:09,307] Nicolas-MacBook-Pro/INFO/locustfile_monolithic: Architecture: Monolithic Architecture
[2026-01-17 21:15:09,307] Nicolas-MacBook-Pro/INFO/locustfile_monolithic: Base URL: http://localhost:9000
[2026-01-17 21:15:09,307] Nicolas-MacBook-Pro/INFO/locustfile_monolithic: ================================================================================
[2026-01-17 21:15:09,307] Nicolas-MacBook-Pro/INFO/locustfile_monolithic: Creating 20 users...
[2026-01-17 21:15:13,630] Nicolas-MacBook-Pro/INFO/locustfile_monolithic: Created 10/20 users...
[2026-01-17 21:15:17,948] Nicolas-MacBook-Pro/INFO/locustfile_monolithic: Created 20/20 users...
[2026-01-17 21:15:17,948] Nicolas-MacBook-Pro/INFO/locustfile_monolithic: ================================================================================
[2026-01-17 21:15:17,948] Nicolas-MacBook-Pro/INFO/locustfile_monolithic: SETUP COMPLETE: Created 20 users with tasks
[2026-01-17 21:15:17,948] Nicolas-MacBook-Pro/INFO/locustfile_monolithic: Total tasks created: 200
[2026-01-17 21:15:17,948] Nicolas-MacBook-Pro/INFO/locustfile_monolithic: ================================================================================
[2026-01-17 21:15:17,948] Nicolas-MacBook-Pro/INFO/locust.runners: Ramping to 100 users at a rate of 10.00 per second
[2026-01-17 21:15:26,967] Nicolas-MacBook-Pro/INFO/locust.runners: All users spawned: {"TaskTrackerUser": 100} (100 total users)
[2026-01-17 21:16:19,037] Nicolas-MacBook-Pro/INFO/locust.main: --run-time limit reached, shutting down
[2026-01-17 21:16:19,062] Nicolas-MacBook-Pro/INFO/locustfile_monolithic: ================================================================================
[2026-01-17 21:16:19,062] Nicolas-MacBook-Pro/INFO/locustfile_monolithic: TEST COMPLETED
[2026-01-17 21:16:19,062] Nicolas-MacBook-Pro/INFO/locustfile_monolithic: Architecture: Monolithic Architecture
[2026-01-17 21:16:19,062] Nicolas-MacBook-Pro/INFO/locustfile_monolithic: ================================================================================
[2026-01-17 21:16:19,091] Nicolas-MacBook-Pro/INFO/locust.main: writing html report to file: /Users/nicolacatalin/Desktop/facultate/proiect-sasps/experiments/results/sweep_20260117_210725/run_006_monolith_c100/report.html
[2026-01-17 21:16:19,092] Nicolas-MacBook-Pro/INFO/locust.main: Shutting down (exit code 0)
