[2026-01-17 21:08:46,520] Nicolas-MacBook-Pro/INFO/locust.main: Starting Locust 2.43.1
[2026-01-17 21:08:46,521] Nicolas-MacBook-Pro/INFO/locust.main: Run time limit set to 70 seconds
[2026-01-17 21:08:46,522] Nicolas-MacBook-Pro/INFO/locustfile_microservices: ================================================================================
[2026-01-17 21:08:46,522] Nicolas-MacBook-Pro/INFO/locustfile_microservices: SETUP: Pre-creating users and tasks for testing
[2026-01-17 21:08:46,522] Nicolas-MacBook-Pro/INFO/locustfile_microservices: Architecture: Microservices Architecture
[2026-01-17 21:08:46,522] Nicolas-MacBook-Pro/INFO/locustfile_microservices: Base URL: http://localhost:8000
[2026-01-17 21:08:46,522] Nicolas-MacBook-Pro/INFO/locustfile_microservices: ================================================================================
[2026-01-17 21:08:46,522] Nicolas-MacBook-Pro/INFO/locustfile_microservices: Creating 20 users...
[2026-01-17 21:08:51,668] Nicolas-MacBook-Pro/INFO/locustfile_microservices: Created 10/20 users...
[2026-01-17 21:08:56,610] Nicolas-MacBook-Pro/INFO/locustfile_microservices: Created 20/20 users...
[2026-01-17 21:08:56,610] Nicolas-MacBook-Pro/INFO/locustfile_microservices: ================================================================================
[2026-01-17 21:08:56,610] Nicolas-MacBook-Pro/INFO/locustfile_microservices: SETUP COMPLETE: Created 20 users with tasks
[2026-01-17 21:08:56,610] Nicolas-MacBook-Pro/INFO/locustfile_microservices: Total tasks created: 200
[2026-01-17 21:08:56,610] Nicolas-MacBook-Pro/INFO/locustfile_microservices: ================================================================================
[2026-01-17 21:08:56,610] Nicolas-MacBook-Pro/INFO/locust.runners: Ramping to 10 users at a rate of 10.00 per second
[2026-01-17 21:08:56,611] Nicolas-MacBook-Pro/INFO/locust.runners: All users spawned: {"TaskTrackerUser": 10} (10 total users)
[2026-01-17 21:09:56,258] Nicolas-MacBook-Pro/INFO/locust.main: --run-time limit reached, shutting down
[2026-01-17 21:09:56,297] Nicolas-MacBook-Pro/INFO/locustfile_microservices: ================================================================================
[2026-01-17 21:09:56,297] Nicolas-MacBook-Pro/INFO/locustfile_microservices: TEST COMPLETED
[2026-01-17 21:09:56,298] Nicolas-MacBook-Pro/INFO/locustfile_microservices: Architecture: Microservices Architecture
[2026-01-17 21:09:56,298] Nicolas-MacBook-Pro/INFO/locustfile_microservices: ================================================================================
[2026-01-17 21:09:56,331] Nicolas-MacBook-Pro/INFO/locust.main: writing html report to file: /Users/nicolacatalin/Desktop/facultate/proiect-sasps/experiments/results/sweep_20260117_210725/run_001_microservices_c10/report.html
[2026-01-17 21:09:56,332] Nicolas-MacBook-Pro/INFO/locust.main: Shutting down (exit code 0)
