[2026-01-17 21:11:19,589] Nicolas-MacBook-Pro/INFO/locust.main: Starting Locust 2.43.1
[2026-01-17 21:11:19,590] Nicolas-MacBook-Pro/INFO/locust.main: Run time limit set to 70 seconds
[2026-01-17 21:11:19,591] Nicolas-MacBook-Pro/INFO/locustfile_microservices: ================================================================================
[2026-01-17 21:11:19,591] Nicolas-MacBook-Pro/INFO/locustfile_microservices: SETUP: Pre-creating users and tasks for testing
[2026-01-17 21:11:19,591] Nicolas-MacBook-Pro/INFO/locustfile_microservices: Architecture: Microservices Architecture
[2026-01-17 21:11:19,591] Nicolas-MacBook-Pro/INFO/locustfile_microservices: Base URL: http://localhost:8000
[2026-01-17 21:11:19,591] Nicolas-MacBook-Pro/INFO/locustfile_microservices: ================================================================================
[2026-01-17 21:11:19,591] Nicolas-MacBook-Pro/INFO/locustfile_microservices: Creating 20 users...
[2026-01-17 21:11:24,642] Nicolas-MacBook-Pro/INFO/locustfile_microservices: Created 10/20 users...
[2026-01-17 21:11:29,766] Nicolas-MacBook-Pro/INFO/locustfile_microservices: Created 20/20 users...
[2026-01-17 21:11:29,766] Nicolas-MacBook-Pro/INFO/locustfile_microservices: ================================================================================
[2026-01-17 21:11:29,766] Nicolas-MacBook-Pro/INFO/locustfile_microservices: SETUP COMPLETE: Created 20 users with tasks
[2026-01-17 21:11:29,766] Nicolas-MacBook-Pro/INFO/locustfile_microservices: Total tasks created: 200
[2026-01-17 21:11:29,766] Nicolas-MacBook-Pro/INFO/locustfile_microservices: ================================================================================
[2026-01-17 21:11:29,766] Nicolas-MacBook-Pro/INFO/locust.runners: Ramping to 25 users at a rate of 10.00 per second
[2026-01-17 21:11:31,769] Nicolas-MacBook-Pro/INFO/locust.runners: All users spawned: {"TaskTrackerUser": 25} (25 total users)
[2026-01-17 21:12:29,306] Nicolas-MacBook-Pro/INFO/locust.main: --run-time limit reached, shutting down
[2026-01-17 21:12:29,341] Nicolas-MacBook-Pro/INFO/locustfile_microservices: ================================================================================
[2026-01-17 21:12:29,341] Nicolas-MacBook-Pro/INFO/locustfile_microservices: TEST COMPLETED
[2026-01-17 21:12:29,341] Nicolas-MacBook-Pro/INFO/locustfile_microservices: Architecture: Microservices Architecture
[2026-01-17 21:12:29,341] Nicolas-MacBook-Pro/INFO/locustfile_microservices: ================================================================================
[2026-01-17 21:12:29,373] Nicolas-MacBook-Pro/INFO/locust.main: writing html report to file: /Users/nicolacatalin/Desktop/facultate/proiect-sasps/experiments/results/sweep_20260117_210725/run_003_microservices_c25/report.html
[2026-01-17 21:12:29,374] Nicolas-MacBook-Pro/INFO/locust.main: Shutting down (exit code 0)
