[2026-01-17 21:10:03,171] Nicolas-MacBook-Pro/INFO/locust.main: Starting Locust 2.43.1
[2026-01-17 21:10:03,172] Nicolas-MacBook-Pro/INFO/locust.main: Run time limit set to 70 seconds
[2026-01-17 21:10:03,173] Nicolas-MacBook-Pro/INFO/locustfile_monolithic: ================================================================================
[2026-01-17 21:10:03,173] Nicolas-MacBook-Pro/INFO/locustfile_monolithic: SETUP: Pre-creating users and tasks for testing
[2026-01-17 21:10:03,173] Nicolas-MacBook-Pro/INFO/locustfile_monolithic: Architecture: Monolithic Architecture
[2026-01-17 21:10:03,173] Nicolas-MacBook-Pro/INFO/locustfile_monolithic: Base URL: http://localhost:9000
[2026-01-17 21:10:03,173] Nicolas-MacBook-Pro/INFO/locustfile_monolithic: ================================================================================
[2026-01-17 21:10:03,173] Nicolas-MacBook-Pro/INFO/locustfile_monolithic: Creating 20 users...
[2026-01-17 21:10:07,554] Nicolas-MacBook-Pro/INFO/locustfile_monolithic: Created 10/20 users...
[2026-01-17 21:10:11,882] Nicolas-MacBook-Pro/INFO/locustfile_monolithic: Created 20/20 users...
[2026-01-17 21:10:11,882] Nicolas-MacBook-Pro/INFO/locustfile_monolithic: ================================================================================
[2026-01-17 21:10:11,882] Nicolas-MacBook-Pro/INFO/locustfile_monolithic: SETUP COMPLETE: Created 20 users with tasks
[2026-01-17 21:10:11,882] Nicolas-MacBook-Pro/INFO/locustfile_monolithic: Total tasks created: 200
[2026-01-17 21:10:11,882] Nicolas-MacBook-Pro/INFO/locustfile_monolithic: ================================================================================
[2026-01-17 21:10:11,883] Nicolas-MacBook-Pro/INFO/locust.runners: Ramping to 25 users at a rate of 10.00 per second
[2026-01-17 21:10:13,887] Nicolas-MacBook-Pro/INFO/locust.runners: All users spawned: {"TaskTrackerUser": 25} (25 total users)
[2026-01-17 21:11:12,900] Nicolas-MacBook-Pro/INFO/locust.main: --run-time limit reached, shutting down
[2026-01-17 21:11:12,930] Nicolas-MacBook-Pro/INFO/locustfile_monolithic: ================================================================================
[2026-01-17 21:11:12,930] Nicolas-MacBook-Pro/INFO/locustfile_monolithic: TEST COMPLETED
[2026-01-17 21:11:12,930] Nicolas-MacBook-Pro/INFO/locustfile_monolithic: Architecture: Monolithic Architecture
[2026-01-17 21:11:12,930] Nicolas-MacBook-Pro/INFO/locustfile_monolithic: ================================================================================
[2026-01-17 21:11:12,965] Nicolas-MacBook-Pro/INFO/locust.main: writing html report to file: /Users/nicolacatalin/Desktop/facultate/proiect-sasps/experiments/results/sweep_20260117_210725/run_002_monolith_c25/report.html
[2026-01-17 21:11:12,966] Nicolas-MacBook-Pro/INFO/locust.main: Shutting down (exit code 0)
