[2026-01-17 21:27:05,390] Nicolas-MacBook-Pro/INFO/locust.main: Starting Locust 2.43.1
[2026-01-17 21:27:05,391] Nicolas-MacBook-Pro/INFO/locust.main: Run time limit set to 90 seconds
[2026-01-17 21:27:05,392] Nicolas-MacBook-Pro/INFO/locustfile_microservices: ================================================================================
[2026-01-17 21:27:05,392] Nicolas-MacBook-Pro/INFO/locustfile_microservices: SETUP: Pre-creating users and tasks for testing
[2026-01-17 21:27:05,392] Nicolas-MacBook-Pro/INFO/locustfile_microservices: Architecture: Microservices Architecture
[2026-01-17 21:27:05,392] Nicolas-MacBook-Pro/INFO/locustfile_microservices: Base URL: http://localhost:8000
[2026-01-17 21:27:05,392] Nicolas-MacBook-Pro/INFO/locustfile_microservices: ================================================================================
[2026-01-17 21:27:05,392] Nicolas-MacBook-Pro/INFO/locustfile_microservices: Creating 20 users...
[2026-01-17 21:27:10,368] Nicolas-MacBook-Pro/INFO/locustfile_microservices: Created 10/20 users...
[2026-01-17 21:27:14,802] Nicolas-MacBook-Pro/INFO/locustfile_microservices: Created 20/20 users...
[2026-01-17 21:27:14,802] Nicolas-MacBook-Pro/INFO/locustfile_microservices: ================================================================================
[2026-01-17 21:27:14,802] Nicolas-MacBook-Pro/INFO/locustfile_microservices: SETUP COMPLETE: Created 19 users with tasks
[2026-01-17 21:27:14,802] Nicolas-MacBook-Pro/INFO/locustfile_microservices: Total tasks created: 190
[2026-01-17 21:27:14,802] Nicolas-MacBook-Pro/INFO/locustfile_microservices: ================================================================================
[2026-01-17 21:27:14,803] Nicolas-MacBook-Pro/INFO/locust.runners: Ramping to 100 users at a rate of 20.00 per second
[2026-01-17 21:27:18,817] Nicolas-MacBook-Pro/INFO/locust.runners: All users spawned: {"TaskTrackerUser": 100} (100 total users)
[2026-01-17 21:28:35,102] Nicolas-MacBook-Pro/INFO/locust.main: --run-time limit reached, shutting down
[2026-01-17 21:28:35,139] Nicolas-MacBook-Pro/INFO/locustfile_microservices: ================================================================================
[2026-01-17 21:28:35,139] Nicolas-MacBook-Pro/INFO/locustfile_microservices: TEST COMPLETED
[2026-01-17 21:28:35,139] Nicolas-MacBook-Pro/INFO/locustfile_microservices: Architecture: Microservices Architecture
[2026-01-17 21:28:35,139] Nicolas-MacBook-Pro/INFO/locustfile_microservices: ================================================================================
[2026-01-17 21:28:35,173] Nicolas-MacBook-Pro/INFO/locust.main: writing html report to file: /Users/nicolacatalin/Desktop/facultate/proiect-sasps/experiments/results/failure_20260117_212704/report.html
[2026-01-17 21:28:35,174] Nicolas-MacBook-Pro/INFO/locust.main: Shutting down (exit code 1)
